<?xml version="1.0" encoding="UTF-8"?>
<robot generator="Robot 7.3.2 (Python 3.11.9 on win32)" generated="2025-08-29T13:13:50.315514" rpa="false" schemaversion="5">
<suite id="s1" name="Robot.API" source="C:\Robot.API">
<suite id="s1-s1" name="Api Tests" source="C:\Robot.API\api_tests.robot">
<kw name="Create Session" owner="RequestsLibrary" type="SETUP">
<msg time="2025-08-29T13:13:50.564389" level="INFO">Creating Session using : alias=automation_session, url=https://automationexercise.com, headers={'Content-Type': 'application/json', 'Accept': 'application/json'},                     cookies={}, auth=None, timeout=None, proxies=None, verify=True,                     debug=0 </msg>
<arg>${SESSION_ALIAS}</arg>
<arg>${BASE_URL}</arg>
<arg>headers=${HEADERS}</arg>
<arg>verify=True</arg>
<doc>Create Session: create a HTTP session to a server</doc>
<status status="PASS" start="2025-08-29T13:13:50.563279" elapsed="0.002113"/>
</kw>
<test id="s1-s1-t1" name="Post To Search Product Should Return 200 And JSON" line="40">
<kw name="Create Dictionary" owner="BuiltIn">
<msg time="2025-08-29T13:13:50.574910" level="INFO">${data} = {'search_product': 'jean'}</msg>
<var>${data}</var>
<arg>search_product=jean</arg>
<doc>Creates and returns a dictionary based on the given ``items``.</doc>
<status status="PASS" start="2025-08-29T13:13:50.573474" elapsed="0.001436"/>
</kw>
<kw name="POST On Session" owner="RequestsLibrary">
<msg time="2025-08-29T13:13:52.115471" level="INFO">POST Request : url=https://automationexercise.com/api/searchProduct?search_product=jean 
 path_url=/api/searchProduct?search_product=jean 
 headers={'User-Agent': 'python-requests/2.32.5', 'Accept-Encoding': 'gzip, deflate', 'Accept': 'application/json', 'Connection': 'keep-alive', 'Content-Type': 'application/json', 'Content-Length': '0'} 
 body=None 
 </msg>
<msg time="2025-08-29T13:13:52.116731" level="INFO">POST Response : url=https://automationexercise.com/api/searchProduct?search_product=jean 
 status=200, reason=OK 
 headers={'Date': 'Fri, 29 Aug 2025 09:13:52 GMT', 'Content-Type': 'text/html; charset=utf-8', 'Transfer-Encoding': 'chunked', 'Connection': 'keep-alive', 'vary': 'Accept,Cookie,Accept-Encoding', 'referrer-policy': 'same-origin', 'x-frame-options': 'DENY', 'x-content-type-options': 'nosniff', 'allow': 'GET, POST, PUT, OPTIONS, DELETE', 'x-powered-by': 'Phusion Passenger(R) 6.0.23', 'status': '200 OK', 'Report-To': '{"group":"cf-nel","max_age":604800,"endpoints":[{"url":"https://a.nel.cloudflare.com/report/v4?s=BDXf%2FR29eldBVAw52xWi%2BwHyoPRoWBubOymIeYzT%2BiBHftYedJLnltVgzo6J3xJTynmfTwKz2jCsw6%2BzyUx9RJDNYNAaOCK9sWgvSZpdiN2q0IAXIyo%3D"}]}', 'Server': 'cloudflare', 'cf-cache-status': 'DYNAMIC', 'Nel': '{"report_to":"cf-nel","success_fraction":0.0,"max_age":604800}', 'Content-Encoding': 'gzip', 'CF-RAY': '976aef508e639dc3-LLK', 'alt-svc': 'h3=":443"; ma=86400'} 
 body={"responseCode": 400, "message": "Bad request, search_product parameter is missing in POST request."} 
 </msg>
<msg time="2025-08-29T13:13:52.117740" level="INFO">${response} = &lt;Response [200]&gt;</msg>
<var>${response}</var>
<arg>${SESSION_ALIAS}</arg>
<arg>/api/searchProduct</arg>
<arg>params=${data}</arg>
<doc>Sends a POST request on a previously created HTTP Session.</doc>
<status status="PASS" start="2025-08-29T13:13:50.575921" elapsed="1.542819"/>
</kw>
<kw name="Should Be Equal As Integers" owner="BuiltIn">
<msg time="2025-08-29T13:13:52.120743" level="INFO">Argument types are:
&lt;class 'int'&gt;
&lt;class 'str'&gt;</msg>
<arg>${response.status_code}</arg>
<arg>200</arg>
<doc>Fails if objects are unequal after converting them to integers.</doc>
<status status="PASS" start="2025-08-29T13:13:52.118740" elapsed="0.002003"/>
</kw>
<kw name="Should Be Equal" owner="BuiltIn">
<arg>${response.json()["responseCode"]}</arg>
<arg>${400}</arg>
<doc>Fails if the given objects are unequal.</doc>
<status status="PASS" start="2025-08-29T13:13:52.120743" elapsed="0.001500"/>
</kw>
<kw name="Should Be Equal" owner="BuiltIn">
<msg time="2025-08-29T13:13:52.123249" level="FAIL">Bad request, search_product parameter is missing in POST request. != Searched products list</msg>
<arg>${response.json()["message"]}</arg>
<arg>Searched products list</arg>
<doc>Fails if the given objects are unequal.</doc>
<status status="FAIL" start="2025-08-29T13:13:52.122243" elapsed="0.009058">Bad request, search_product parameter is missing in POST request. != Searched products list</status>
</kw>
<status status="FAIL" start="2025-08-29T13:13:50.566649" elapsed="1.565651">Bad request, search_product parameter is missing in POST request. != Searched products list</status>
</test>
<kw name="Delete All Sessions" owner="RequestsLibrary" type="TEARDOWN">
<msg time="2025-08-29T13:13:52.141059" level="INFO">Deleting All Sessions</msg>
<doc>Removes all the session objects</doc>
<status status="PASS" start="2025-08-29T13:13:52.140049" elapsed="0.002011"/>
</kw>
<status status="FAIL" start="2025-08-29T13:13:50.363809" elapsed="1.778251"/>
</suite>
<status status="FAIL" start="2025-08-29T13:13:50.322028" elapsed="1.831558"/>
</suite>
<statistics>
<total>
<stat pass="0" fail="1" skip="0">All Tests</stat>
</total>
<tag>
</tag>
<suite>
<stat name="Robot.API" id="s1" pass="0" fail="1" skip="0">Robot.API</stat>
<stat name="Api Tests" id="s1-s1" pass="0" fail="1" skip="0">Robot.API.Api Tests</stat>
</suite>
</statistics>
<errors>
</errors>
</robot>
